[2024-10-08 12:45:56] - [INFO] => Server is running on port undefined
[2024-10-08 12:45:56] - [ERROR] => RedisDB connection error => Error: getaddrinfo ENOTFOUND redis
[2024-10-08 12:45:58] - [ERROR] => MongoDB connection error => bad auth : Authentication failed.
[2024-10-08 12:46:00] - [ERROR] => Restarting Mongo server
[2024-10-08 12:46:02] - [ERROR] => MongoDB connection error => bad auth : Authentication failed.
[2024-10-08 12:46:04] - [ERROR] => Restarting Mongo server
[2024-10-08 12:46:06] - [ERROR] => MongoDB connection error => bad auth : Authentication failed.
[2024-10-08 12:46:08] - [ERROR] => Restarting Mongo server
[2024-10-08 12:46:10] - [ERROR] => MongoDB connection error => bad auth : Authentication failed.
[2024-10-08 12:46:12] - [ERROR] => Restarting Mongo server
[2024-10-08 12:46:14] - [ERROR] => MongoDB connection error => bad auth : Authentication failed.
[2024-10-08 12:46:16] - [ERROR] => Restarting Mongo server
[2024-10-08 12:46:17] - [ERROR] => MongoDB connection error => bad auth : Authentication failed.
[2024-10-08 12:46:19] - [ERROR] => Restarting Mongo server
[2024-10-08 12:46:21] - [ERROR] => MongoDB connection error => bad auth : Authentication failed.
[2024-10-08 12:46:23] - [ERROR] => Restarting Mongo server
[2024-10-08 12:46:25] - [ERROR] => MongoDB connection error => bad auth : Authentication failed.
[2024-10-08 12:46:27] - [ERROR] => Restarting Mongo server
[2024-10-08 12:46:29] - [ERROR] => MongoDB connection error => bad auth : Authentication failed.
[2024-10-08 12:46:31] - [ERROR] => Restarting Mongo server
[2024-10-08 12:46:32] - [ERROR] => MongoDB connection error => bad auth : Authentication failed.
[2024-10-08 12:46:34] - [ERROR] => Restarting Mongo server
[2024-10-08 12:46:36] - [ERROR] => MongoDB connection error => bad auth : Authentication failed.
[2024-10-08 12:46:38] - [ERROR] => Restarting Mongo server
[2024-10-08 12:46:40] - [ERROR] => MongoDB connection error => bad auth : Authentication failed.
[2024-10-08 12:46:42] - [ERROR] => Restarting Mongo server
[2024-10-08 12:46:44] - [ERROR] => MongoDB connection error => bad auth : Authentication failed.
[2024-10-08 12:46:46] - [ERROR] => Restarting Mongo server
[2024-10-08 12:46:48] - [ERROR] => MongoDB connection error => bad auth : Authentication failed.
[2024-10-08 12:46:50] - [ERROR] => Restarting Mongo server
[2024-10-08 12:46:52] - [ERROR] => MongoDB connection error => bad auth : Authentication failed.
[2024-10-08 12:46:54] - [ERROR] => Restarting Mongo server
[2024-10-08 12:46:56] - [ERROR] => MongoDB connection error => bad auth : Authentication failed.
[2024-10-08 12:46:58] - [ERROR] => Restarting Mongo server
[2024-10-08 12:46:59] - [ERROR] => MongoDB connection error => bad auth : Authentication failed.
[2024-10-08 12:47:01] - [ERROR] => Restarting Mongo server
[2024-10-08 12:47:03] - [ERROR] => MongoDB connection error => bad auth : Authentication failed.
[2024-10-08 12:47:05] - [ERROR] => Restarting Mongo server
[2024-10-08 12:47:07] - [ERROR] => MongoDB connection error => bad auth : Authentication failed.
[2024-10-08 12:47:09] - [ERROR] => Restarting Mongo server
[2024-10-08 12:47:11] - [ERROR] => MongoDB connection error => bad auth : Authentication failed.
[2024-10-08 12:47:15] - [INFO] => Server is running on port undefined
[2024-10-08 12:47:15] - [ERROR] => RedisDB connection error => Error: getaddrinfo ENOTFOUND redis
[2024-10-08 12:47:17] - [ERROR] => MongoDB connection error => bad auth : Authentication failed.
[2024-10-08 12:47:19] - [ERROR] => Restarting Mongo server
[2024-10-08 12:47:21] - [ERROR] => MongoDB connection error => bad auth : Authentication failed.
[2024-10-08 12:47:23] - [ERROR] => Restarting Mongo server
[2024-10-08 12:47:24] - [ERROR] => MongoDB connection error => bad auth : Authentication failed.
[2024-10-08 12:47:26] - [ERROR] => Restarting Mongo server
[2024-10-08 12:47:28] - [ERROR] => MongoDB connection error => bad auth : Authentication failed.
[2024-10-08 12:47:30] - [ERROR] => Restarting Mongo server
[2024-10-08 12:47:32] - [ERROR] => MongoDB connection error => bad auth : Authentication failed.
[2024-10-08 12:47:34] - [ERROR] => Restarting Mongo server
[2024-10-08 12:47:36] - [ERROR] => MongoDB connection error => bad auth : Authentication failed.
[2024-10-08 12:47:38] - [ERROR] => Restarting Mongo server
[2024-10-08 12:47:39] - [ERROR] => MongoDB connection error => bad auth : Authentication failed.
[2024-10-08 12:47:41] - [ERROR] => Restarting Mongo server
[2024-10-08 12:47:43] - [ERROR] => MongoDB connection error => bad auth : Authentication failed.
[2024-10-08 12:47:45] - [ERROR] => Restarting Mongo server
[2024-10-08 12:47:47] - [ERROR] => MongoDB connection error => bad auth : Authentication failed.
[2024-10-08 12:47:49] - [ERROR] => Restarting Mongo server
[2024-10-08 12:47:51] - [ERROR] => MongoDB connection error => bad auth : Authentication failed.
[2024-10-08 12:47:53] - [ERROR] => Restarting Mongo server
[2024-10-08 12:47:55] - [ERROR] => MongoDB connection error => bad auth : Authentication failed.
[2024-10-08 12:47:57] - [ERROR] => Restarting Mongo server
[2024-10-08 12:47:59] - [ERROR] => MongoDB connection error => bad auth : Authentication failed.
[2024-10-08 12:48:01] - [ERROR] => Restarting Mongo server
[2024-10-08 12:48:03] - [ERROR] => MongoDB connection error => bad auth : Authentication failed.
[2024-10-08 12:48:05] - [ERROR] => Restarting Mongo server
[2024-10-08 12:48:09] - [INFO] => Server is running on port undefined
[2024-10-08 12:48:09] - [ERROR] => RedisDB connection error => Error: getaddrinfo ENOTFOUND redis
[2024-10-08 12:48:10] - [ERROR] => MongoDB connection error => bad auth : Authentication failed.
[2024-10-08 12:48:12] - [ERROR] => Restarting Mongo server
[2024-10-08 12:48:14] - [ERROR] => MongoDB connection error => bad auth : Authentication failed.
[2024-10-08 12:48:16] - [ERROR] => Restarting Mongo server
[2024-10-08 12:48:18] - [ERROR] => MongoDB connection error => bad auth : Authentication failed.
[2024-10-08 12:48:20] - [ERROR] => Restarting Mongo server
[2024-10-08 12:48:22] - [ERROR] => MongoDB connection error => bad auth : Authentication failed.
[2024-10-08 12:48:24] - [ERROR] => Restarting Mongo server
[2024-10-08 12:48:27] - [ERROR] => MongoDB connection error => bad auth : Authentication failed.
[2024-10-08 12:48:29] - [ERROR] => Restarting Mongo server
[2024-10-08 12:48:31] - [ERROR] => MongoDB connection error => bad auth : Authentication failed.
[2024-10-08 12:48:33] - [ERROR] => Restarting Mongo server
[2024-10-08 12:48:35] - [ERROR] => MongoDB connection error => bad auth : Authentication failed.
[2024-10-08 12:48:37] - [ERROR] => Restarting Mongo server
[2024-10-08 12:48:39] - [ERROR] => MongoDB connection error => bad auth : Authentication failed.
[2024-10-08 12:48:41] - [ERROR] => Restarting Mongo server
[2024-10-08 12:48:43] - [ERROR] => MongoDB connection error => bad auth : Authentication failed.
[2024-10-08 12:48:45] - [ERROR] => Restarting Mongo server
[2024-10-08 12:48:46] - [ERROR] => MongoDB connection error => bad auth : Authentication failed.
[2024-10-08 12:48:48] - [ERROR] => Restarting Mongo server
[2024-10-08 12:48:50] - [ERROR] => MongoDB connection error => bad auth : Authentication failed.
[2024-10-08 12:48:52] - [ERROR] => Restarting Mongo server
[2024-10-08 12:48:55] - [ERROR] => MongoDB connection error => bad auth : Authentication failed.
[2024-10-08 12:48:57] - [ERROR] => Restarting Mongo server
[2024-10-08 12:49:05] - [ERROR] => RedisDB connection error => Error: getaddrinfo ENOTFOUND redis
[2024-10-08 12:49:07] - [ERROR] => MongoDB connection error => bad auth : Authentication failed.
[2024-10-08 12:49:09] - [ERROR] => Restarting Mongo server
[2024-10-08 12:49:11] - [ERROR] => MongoDB connection error => bad auth : Authentication failed.
[2024-10-08 12:49:13] - [ERROR] => Restarting Mongo server
[2024-10-08 12:49:15] - [ERROR] => MongoDB connection error => bad auth : Authentication failed.
[2024-10-08 12:49:17] - [ERROR] => Restarting Mongo server
[2024-10-08 12:49:19] - [ERROR] => MongoDB connection error => bad auth : Authentication failed.
[2024-10-08 12:49:21] - [ERROR] => Restarting Mongo server
[2024-10-08 12:49:23] - [ERROR] => MongoDB connection error => bad auth : Authentication failed.
[2024-10-08 12:49:25] - [ERROR] => Restarting Mongo server
[2024-10-08 12:49:27] - [ERROR] => MongoDB connection error => bad auth : Authentication failed.
[2024-10-08 12:49:29] - [ERROR] => Restarting Mongo server
[2024-10-08 12:49:31] - [ERROR] => MongoDB connection error => bad auth : Authentication failed.
[2024-10-08 12:49:33] - [ERROR] => Restarting Mongo server
[2024-10-08 12:49:35] - [ERROR] => MongoDB connection error => bad auth : Authentication failed.
[2024-10-08 12:49:37] - [ERROR] => Restarting Mongo server
[2024-10-08 12:49:38] - [ERROR] => MongoDB connection error => bad auth : Authentication failed.
[2024-10-08 12:49:40] - [ERROR] => Restarting Mongo server
[2024-10-08 12:49:42] - [ERROR] => MongoDB connection error => bad auth : Authentication failed.
[2024-10-08 12:49:44] - [ERROR] => Restarting Mongo server
[2024-10-08 12:49:46] - [ERROR] => MongoDB connection error => bad auth : Authentication failed.
[2024-10-08 12:49:48] - [ERROR] => Restarting Mongo server
[2024-10-08 12:49:50] - [ERROR] => MongoDB connection error => bad auth : Authentication failed.
[2024-10-08 12:49:52] - [ERROR] => Restarting Mongo server
[2024-10-08 12:49:54] - [ERROR] => MongoDB connection error => bad auth : Authentication failed.
[2024-10-08 12:49:56] - [ERROR] => Restarting Mongo server
[2024-10-08 12:49:57] - [ERROR] => MongoDB connection error => bad auth : Authentication failed.
[2024-10-08 12:49:59] - [ERROR] => Restarting Mongo server
[2024-10-08 12:50:01] - [ERROR] => MongoDB connection error => bad auth : Authentication failed.
[2024-10-08 12:50:03] - [ERROR] => Restarting Mongo server
[2024-10-08 12:50:05] - [ERROR] => MongoDB connection error => bad auth : Authentication failed.
[2024-10-08 12:50:07] - [ERROR] => Restarting Mongo server
[2024-10-08 12:50:09] - [ERROR] => MongoDB connection error => bad auth : Authentication failed.
[2024-10-08 12:50:11] - [ERROR] => Restarting Mongo server
[2024-10-08 12:50:13] - [ERROR] => MongoDB connection error => bad auth : Authentication failed.
[2024-10-08 12:50:15] - [ERROR] => Restarting Mongo server
[2024-10-08 12:50:16] - [ERROR] => MongoDB connection error => bad auth : Authentication failed.
[2024-10-08 12:50:18] - [ERROR] => Restarting Mongo server
[2024-10-08 12:50:20] - [ERROR] => MongoDB connection error => bad auth : Authentication failed.
[2024-10-08 12:50:22] - [ERROR] => Restarting Mongo server
[2024-10-08 12:50:24] - [ERROR] => MongoDB connection error => bad auth : Authentication failed.
[2024-10-08 12:50:26] - [ERROR] => Restarting Mongo server
[2024-10-08 12:50:28] - [ERROR] => MongoDB connection error => bad auth : Authentication failed.
[2024-10-08 12:50:30] - [ERROR] => Restarting Mongo server
[2024-10-08 12:50:32] - [ERROR] => MongoDB connection error => bad auth : Authentication failed.
[2024-10-08 12:50:34] - [ERROR] => Restarting Mongo server
[2024-10-08 12:50:35] - [ERROR] => MongoDB connection error => bad auth : Authentication failed.
[2024-10-08 12:50:37] - [ERROR] => Restarting Mongo server
[2024-10-08 12:50:39] - [ERROR] => MongoDB connection error => bad auth : Authentication failed.
[2024-10-08 12:50:41] - [ERROR] => Restarting Mongo server
[2024-10-08 12:50:43] - [ERROR] => MongoDB connection error => bad auth : Authentication failed.
[2024-10-08 12:50:45] - [ERROR] => Restarting Mongo server
[2024-10-08 12:50:47] - [ERROR] => MongoDB connection error => bad auth : Authentication failed.
[2024-10-08 12:50:49] - [ERROR] => Restarting Mongo server
[2024-10-08 12:50:51] - [ERROR] => MongoDB connection error => bad auth : Authentication failed.
[2024-10-08 12:50:53] - [ERROR] => Restarting Mongo server
[2024-10-08 12:50:54] - [ERROR] => MongoDB connection error => bad auth : Authentication failed.
[2024-10-08 12:50:56] - [ERROR] => Restarting Mongo server
[2024-10-08 12:50:58] - [ERROR] => MongoDB connection error => bad auth : Authentication failed.
[2024-10-08 12:51:00] - [ERROR] => Restarting Mongo server
[2024-10-08 12:51:02] - [ERROR] => MongoDB connection error => bad auth : Authentication failed.
[2024-10-08 12:51:04] - [ERROR] => Restarting Mongo server
[2024-10-08 12:51:06] - [ERROR] => MongoDB connection error => bad auth : Authentication failed.
[2024-10-08 12:51:08] - [ERROR] => Restarting Mongo server
[2024-10-08 12:51:10] - [ERROR] => MongoDB connection error => bad auth : Authentication failed.
[2024-10-08 12:51:12] - [ERROR] => Restarting Mongo server
[2024-10-08 12:51:14] - [ERROR] => MongoDB connection error => bad auth : Authentication failed.
[2024-10-08 12:51:16] - [ERROR] => Restarting Mongo server
[2024-10-08 12:51:18] - [ERROR] => MongoDB connection error => bad auth : Authentication failed.
[2024-10-08 12:51:20] - [ERROR] => Restarting Mongo server
[2024-10-08 12:51:21] - [ERROR] => MongoDB connection error => bad auth : Authentication failed.
[2024-10-08 12:51:23] - [ERROR] => Restarting Mongo server
[2024-10-08 12:51:25] - [ERROR] => MongoDB connection error => bad auth : Authentication failed.
[2024-10-08 12:51:27] - [ERROR] => Restarting Mongo server
[2024-10-08 12:51:29] - [ERROR] => MongoDB connection error => bad auth : Authentication failed.
[2024-10-08 12:51:31] - [ERROR] => Restarting Mongo server
[2024-10-08 12:51:33] - [ERROR] => MongoDB connection error => bad auth : Authentication failed.
[2024-10-08 12:51:35] - [ERROR] => Restarting Mongo server
[2024-10-08 12:51:37] - [ERROR] => MongoDB connection error => bad auth : Authentication failed.
[2024-10-08 12:51:39] - [ERROR] => Restarting Mongo server
[2024-10-08 12:51:41] - [ERROR] => MongoDB connection error => bad auth : Authentication failed.
[2024-10-08 12:51:43] - [ERROR] => Restarting Mongo server
[2024-10-08 12:51:45] - [ERROR] => MongoDB connection error => bad auth : Authentication failed.
[2024-10-08 12:51:47] - [ERROR] => Restarting Mongo server
[2024-10-08 12:51:48] - [ERROR] => MongoDB connection error => bad auth : Authentication failed.
[2024-10-08 12:51:50] - [ERROR] => Restarting Mongo server
[2024-10-08 12:51:52] - [ERROR] => MongoDB connection error => bad auth : Authentication failed.
[2024-10-08 12:51:54] - [ERROR] => Restarting Mongo server
[2024-10-08 12:51:56] - [ERROR] => MongoDB connection error => bad auth : Authentication failed.
[2024-10-08 12:51:58] - [ERROR] => Restarting Mongo server
[2024-10-08 12:52:00] - [ERROR] => MongoDB connection error => bad auth : Authentication failed.
[2024-10-08 12:52:02] - [ERROR] => Restarting Mongo server
[2024-10-08 12:52:04] - [ERROR] => MongoDB connection error => bad auth : Authentication failed.
[2024-10-08 12:52:06] - [ERROR] => Restarting Mongo server
[2024-10-08 12:52:08] - [ERROR] => MongoDB connection error => bad auth : Authentication failed.
[2024-10-08 12:52:10] - [ERROR] => Restarting Mongo server
[2024-10-08 12:52:12] - [ERROR] => MongoDB connection error => bad auth : Authentication failed.
[2024-10-08 12:52:14] - [ERROR] => Restarting Mongo server
[2024-10-08 12:52:16] - [ERROR] => MongoDB connection error => bad auth : Authentication failed.
[2024-10-08 12:52:18] - [ERROR] => Restarting Mongo server
[2024-10-08 12:52:19] - [ERROR] => MongoDB connection error => bad auth : Authentication failed.
[2024-10-08 12:52:21] - [ERROR] => Restarting Mongo server
[2024-10-08 12:52:23] - [ERROR] => MongoDB connection error => bad auth : Authentication failed.
[2024-10-08 12:52:25] - [ERROR] => Restarting Mongo server
[2024-10-08 12:52:27] - [ERROR] => MongoDB connection error => bad auth : Authentication failed.
[2024-10-08 12:52:29] - [ERROR] => Restarting Mongo server
[2024-10-08 12:52:31] - [ERROR] => MongoDB connection error => bad auth : Authentication failed.
[2024-10-08 12:52:33] - [ERROR] => Restarting Mongo server
[2024-10-08 12:52:35] - [ERROR] => MongoDB connection error => bad auth : Authentication failed.
[2024-10-08 12:52:37] - [ERROR] => Restarting Mongo server
[2024-10-08 12:52:39] - [ERROR] => MongoDB connection error => bad auth : Authentication failed.
[2024-10-08 12:52:41] - [ERROR] => Restarting Mongo server
[2024-10-08 12:52:42] - [ERROR] => MongoDB connection error => bad auth : Authentication failed.
[2024-10-08 12:52:44] - [ERROR] => Restarting Mongo server
[2024-10-08 12:52:46] - [ERROR] => MongoDB connection error => bad auth : Authentication failed.
[2024-10-08 12:52:48] - [ERROR] => Restarting Mongo server
[2024-10-08 12:52:50] - [ERROR] => MongoDB connection error => bad auth : Authentication failed.
[2024-10-08 12:52:52] - [ERROR] => Restarting Mongo server
[2024-10-08 12:52:54] - [ERROR] => MongoDB connection error => bad auth : Authentication failed.
[2024-10-08 12:52:56] - [ERROR] => Restarting Mongo server
[2024-10-08 12:52:58] - [ERROR] => MongoDB connection error => bad auth : Authentication failed.
[2024-10-08 12:53:00] - [ERROR] => Restarting Mongo server
[2024-10-08 12:53:02] - [ERROR] => MongoDB connection error => bad auth : Authentication failed.
[2024-10-08 12:53:04] - [ERROR] => Restarting Mongo server
[2024-10-08 12:53:06] - [ERROR] => MongoDB connection error => bad auth : Authentication failed.
[2024-10-08 12:53:08] - [ERROR] => Restarting Mongo server
[2024-10-08 12:53:10] - [ERROR] => MongoDB connection error => bad auth : Authentication failed.
[2024-10-08 12:53:12] - [ERROR] => Restarting Mongo server
[2024-10-08 12:53:14] - [ERROR] => MongoDB connection error => bad auth : Authentication failed.
[2024-10-08 12:53:16] - [ERROR] => Restarting Mongo server
[2024-10-08 12:53:18] - [ERROR] => MongoDB connection error => bad auth : Authentication failed.
[2024-10-08 12:53:20] - [ERROR] => Restarting Mongo server
[2024-10-08 12:53:22] - [ERROR] => MongoDB connection error => bad auth : Authentication failed.
[2024-10-08 12:53:24] - [ERROR] => Restarting Mongo server
[2024-10-08 12:53:26] - [ERROR] => MongoDB connection error => bad auth : Authentication failed.
[2024-10-08 12:53:28] - [ERROR] => Restarting Mongo server
[2024-10-08 12:53:30] - [ERROR] => MongoDB connection error => bad auth : Authentication failed.
[2024-10-08 12:53:32] - [ERROR] => Restarting Mongo server
[2024-10-08 12:53:33] - [ERROR] => MongoDB connection error => bad auth : Authentication failed.
[2024-10-08 12:53:35] - [ERROR] => Restarting Mongo server
[2024-10-08 12:53:37] - [ERROR] => MongoDB connection error => bad auth : Authentication failed.
[2024-10-08 12:53:39] - [ERROR] => Restarting Mongo server
[2024-10-08 12:53:41] - [ERROR] => MongoDB connection error => bad auth : Authentication failed.
[2024-10-08 12:53:43] - [ERROR] => Restarting Mongo server
[2024-10-08 12:53:45] - [ERROR] => MongoDB connection error => bad auth : Authentication failed.
[2024-10-08 12:53:47] - [ERROR] => Restarting Mongo server
[2024-10-08 12:53:49] - [ERROR] => MongoDB connection error => bad auth : Authentication failed.
[2024-10-08 12:53:51] - [ERROR] => Restarting Mongo server
[2024-10-08 12:53:53] - [ERROR] => MongoDB connection error => bad auth : Authentication failed.
[2024-10-08 12:53:55] - [ERROR] => Restarting Mongo server
[2024-10-08 12:53:57] - [ERROR] => MongoDB connection error => bad auth : Authentication failed.
[2024-10-08 12:53:59] - [ERROR] => Restarting Mongo server
[2024-10-08 12:54:01] - [ERROR] => MongoDB connection error => bad auth : Authentication failed.
[2024-10-08 12:54:03] - [ERROR] => Restarting Mongo server
[2024-10-08 12:54:04] - [ERROR] => MongoDB connection error => bad auth : Authentication failed.
[2024-10-08 12:54:06] - [ERROR] => Restarting Mongo server
[2024-10-08 12:54:08] - [ERROR] => MongoDB connection error => bad auth : Authentication failed.
[2024-10-08 12:54:10] - [ERROR] => Restarting Mongo server
[2024-10-08 12:54:12] - [ERROR] => MongoDB connection error => bad auth : Authentication failed.
[2024-10-08 12:54:14] - [ERROR] => Restarting Mongo server
[2024-10-08 12:54:16] - [ERROR] => MongoDB connection error => bad auth : Authentication failed.
[2024-10-08 12:54:18] - [ERROR] => Restarting Mongo server
[2024-10-08 12:54:20] - [ERROR] => MongoDB connection error => bad auth : Authentication failed.
[2024-10-08 12:54:22] - [ERROR] => Restarting Mongo server
[2024-10-08 12:54:24] - [ERROR] => MongoDB connection error => bad auth : Authentication failed.
[2024-10-08 12:54:26] - [ERROR] => Restarting Mongo server
[2024-10-08 12:54:33] - [ERROR] => MongoDB connection error => bad auth : Authentication failed.
[2024-10-08 12:54:35] - [ERROR] => Restarting Mongo server
[2024-10-08 12:54:36] - [ERROR] => MongoDB connection error => bad auth : Authentication failed.
[2024-10-08 12:54:38] - [ERROR] => Restarting Mongo server
[2024-10-08 12:54:40] - [ERROR] => MongoDB connection error => bad auth : Authentication failed.
[2024-10-08 12:54:42] - [ERROR] => Restarting Mongo server
[2024-10-08 12:54:44] - [ERROR] => MongoDB connection error => bad auth : Authentication failed.
[2024-10-08 12:54:46] - [ERROR] => Restarting Mongo server
[2024-10-08 12:54:48] - [ERROR] => MongoDB connection error => bad auth : Authentication failed.
[2024-10-08 12:54:50] - [ERROR] => Restarting Mongo server
[2024-10-08 12:54:52] - [ERROR] => MongoDB connection error => bad auth : Authentication failed.
[2024-10-08 12:54:54] - [ERROR] => Restarting Mongo server
[2024-10-08 12:54:56] - [ERROR] => MongoDB connection error => bad auth : Authentication failed.
[2024-10-08 12:54:58] - [ERROR] => Restarting Mongo server
[2024-10-08 12:55:00] - [ERROR] => MongoDB connection error => bad auth : Authentication failed.
[2024-10-08 12:55:02] - [ERROR] => Restarting Mongo server
[2024-10-08 12:55:04] - [ERROR] => MongoDB connection error => bad auth : Authentication failed.
[2024-10-08 12:55:06] - [ERROR] => Restarting Mongo server
[2024-10-08 12:55:07] - [ERROR] => MongoDB connection error => bad auth : Authentication failed.
[2024-10-08 12:55:09] - [ERROR] => Restarting Mongo server
[2024-10-08 12:55:11] - [ERROR] => MongoDB connection error => bad auth : Authentication failed.
[2024-10-08 12:55:13] - [ERROR] => Restarting Mongo server
[2024-10-08 12:55:15] - [ERROR] => MongoDB connection error => bad auth : Authentication failed.
[2024-10-08 12:55:17] - [ERROR] => Restarting Mongo server
[2024-10-08 12:55:19] - [ERROR] => MongoDB connection error => bad auth : Authentication failed.
[2024-10-08 12:55:21] - [ERROR] => Restarting Mongo server
[2024-10-08 12:55:23] - [ERROR] => MongoDB connection error => bad auth : Authentication failed.
[2024-10-08 12:55:25] - [ERROR] => Restarting Mongo server
[2024-10-08 12:55:27] - [ERROR] => MongoDB connection error => bad auth : Authentication failed.
[2024-10-08 12:55:29] - [ERROR] => Restarting Mongo server
[2024-10-08 12:55:31] - [ERROR] => MongoDB connection error => bad auth : Authentication failed.
[2024-10-08 12:55:33] - [ERROR] => Restarting Mongo server
[2024-10-08 12:55:35] - [ERROR] => MongoDB connection error => bad auth : Authentication failed.
[2024-10-08 12:55:37] - [ERROR] => Restarting Mongo server
[2024-10-08 12:55:39] - [ERROR] => MongoDB connection error => bad auth : Authentication failed.
[2024-10-08 12:55:41] - [ERROR] => Restarting Mongo server
[2024-10-08 12:55:42] - [ERROR] => MongoDB connection error => bad auth : Authentication failed.
[2024-10-08 12:55:44] - [ERROR] => Restarting Mongo server
[2024-10-08 12:55:46] - [ERROR] => MongoDB connection error => bad auth : Authentication failed.
[2024-10-08 12:55:48] - [ERROR] => Restarting Mongo server
[2024-10-08 12:55:50] - [ERROR] => MongoDB connection error => bad auth : Authentication failed.
[2024-10-08 12:55:52] - [ERROR] => Restarting Mongo server
[2024-10-08 12:55:54] - [ERROR] => MongoDB connection error => bad auth : Authentication failed.
[2024-10-08 12:55:56] - [ERROR] => Restarting Mongo server
[2024-10-08 12:55:58] - [ERROR] => MongoDB connection error => bad auth : Authentication failed.
[2024-10-08 12:56:00] - [ERROR] => Restarting Mongo server
[2024-10-08 12:56:02] - [ERROR] => MongoDB connection error => bad auth : Authentication failed.
[2024-10-08 12:56:04] - [ERROR] => Restarting Mongo server
[2024-10-08 12:56:06] - [ERROR] => MongoDB connection error => bad auth : Authentication failed.
[2024-10-08 12:56:08] - [ERROR] => Restarting Mongo server
[2024-10-08 12:56:10] - [ERROR] => MongoDB connection error => bad auth : Authentication failed.
[2024-10-08 12:56:12] - [ERROR] => Restarting Mongo server
[2024-10-08 12:56:13] - [ERROR] => MongoDB connection error => bad auth : Authentication failed.
[2024-10-08 12:56:15] - [ERROR] => Restarting Mongo server
[2024-10-08 12:56:17] - [ERROR] => MongoDB connection error => bad auth : Authentication failed.
[2024-10-08 12:56:19] - [ERROR] => Restarting Mongo server
[2024-10-08 12:56:21] - [ERROR] => MongoDB connection error => bad auth : Authentication failed.
[2024-10-08 12:56:23] - [ERROR] => Restarting Mongo server
[2024-10-08 12:56:25] - [ERROR] => MongoDB connection error => bad auth : Authentication failed.
[2024-10-08 12:56:27] - [ERROR] => Restarting Mongo server
[2024-10-08 12:56:29] - [ERROR] => MongoDB connection error => bad auth : Authentication failed.
[2024-10-08 12:56:31] - [ERROR] => Restarting Mongo server
[2024-10-08 12:56:33] - [ERROR] => MongoDB connection error => bad auth : Authentication failed.
[2024-10-08 12:56:35] - [ERROR] => Restarting Mongo server
[2024-10-08 12:56:37] - [ERROR] => MongoDB connection error => bad auth : Authentication failed.
[2024-10-08 12:56:39] - [ERROR] => Restarting Mongo server
[2024-10-08 12:56:40] - [ERROR] => MongoDB connection error => bad auth : Authentication failed.
[2024-10-08 12:56:42] - [ERROR] => Restarting Mongo server
[2024-10-08 12:56:44] - [ERROR] => MongoDB connection error => bad auth : Authentication failed.
[2024-10-08 12:56:46] - [ERROR] => Restarting Mongo server
[2024-10-08 12:56:48] - [ERROR] => MongoDB connection error => bad auth : Authentication failed.
[2024-10-08 12:56:50] - [ERROR] => Restarting Mongo server
[2024-10-08 12:56:52] - [ERROR] => MongoDB connection error => bad auth : Authentication failed.
[2024-10-08 12:56:54] - [ERROR] => Restarting Mongo server
[2024-10-08 12:56:56] - [ERROR] => MongoDB connection error => bad auth : Authentication failed.
[2024-10-08 12:56:58] - [ERROR] => Restarting Mongo server
[2024-10-08 12:57:00] - [ERROR] => MongoDB connection error => bad auth : Authentication failed.
[2024-10-08 12:57:02] - [ERROR] => Restarting Mongo server
[2024-10-08 12:57:03] - [ERROR] => MongoDB connection error => bad auth : Authentication failed.
[2024-10-08 12:57:05] - [ERROR] => Restarting Mongo server
[2024-10-08 12:57:07] - [ERROR] => MongoDB connection error => bad auth : Authentication failed.
[2024-10-08 12:57:09] - [ERROR] => Restarting Mongo server
[2024-10-08 12:57:11] - [ERROR] => MongoDB connection error => bad auth : Authentication failed.
[2024-10-08 12:57:13] - [ERROR] => Restarting Mongo server
[2024-10-08 12:57:15] - [ERROR] => MongoDB connection error => bad auth : Authentication failed.
[2024-10-08 12:57:17] - [ERROR] => Restarting Mongo server
[2024-10-08 12:57:19] - [ERROR] => MongoDB connection error => bad auth : Authentication failed.
[2024-10-08 12:57:21] - [ERROR] => Restarting Mongo server
[2024-10-08 12:57:23] - [ERROR] => MongoDB connection error => bad auth : Authentication failed.
[2024-10-08 12:57:25] - [ERROR] => Restarting Mongo server
[2024-10-08 12:57:27] - [ERROR] => MongoDB connection error => bad auth : Authentication failed.
[2024-10-08 12:57:29] - [ERROR] => Restarting Mongo server
[2024-10-08 12:57:31] - [ERROR] => MongoDB connection error => bad auth : Authentication failed.
[2024-10-08 12:57:33] - [ERROR] => Restarting Mongo server
[2024-10-08 12:57:35] - [ERROR] => MongoDB connection error => bad auth : Authentication failed.
[2024-10-08 12:57:37] - [ERROR] => Restarting Mongo server
[2024-10-08 12:57:38] - [ERROR] => MongoDB connection error => bad auth : Authentication failed.
[2024-10-08 12:57:40] - [ERROR] => Restarting Mongo server
[2024-10-08 12:57:42] - [ERROR] => MongoDB connection error => bad auth : Authentication failed.
[2024-10-08 12:57:44] - [ERROR] => Restarting Mongo server
[2024-10-08 12:57:46] - [ERROR] => MongoDB connection error => bad auth : Authentication failed.
[2024-10-08 12:57:48] - [ERROR] => Restarting Mongo server
[2024-10-08 12:57:50] - [ERROR] => MongoDB connection error => bad auth : Authentication failed.
[2024-10-08 12:57:52] - [ERROR] => Restarting Mongo server
[2024-10-08 12:57:54] - [ERROR] => MongoDB connection error => bad auth : Authentication failed.
[2024-10-08 12:57:56] - [ERROR] => Restarting Mongo server
[2024-10-08 12:57:58] - [ERROR] => MongoDB connection error => bad auth : Authentication failed.
[2024-10-08 12:58:00] - [ERROR] => Restarting Mongo server
[2024-10-08 12:58:01] - [ERROR] => MongoDB connection error => bad auth : Authentication failed.
[2024-10-08 12:58:03] - [ERROR] => Restarting Mongo server
[2024-10-08 12:58:05] - [ERROR] => MongoDB connection error => bad auth : Authentication failed.
[2024-10-08 12:58:07] - [ERROR] => Restarting Mongo server
[2024-10-08 12:58:09] - [ERROR] => MongoDB connection error => bad auth : Authentication failed.
[2024-10-08 12:58:11] - [ERROR] => Restarting Mongo server
[2024-10-08 12:58:13] - [ERROR] => MongoDB connection error => bad auth : Authentication failed.
[2024-10-08 12:58:15] - [ERROR] => Restarting Mongo server
[2024-10-08 12:58:17] - [ERROR] => MongoDB connection error => bad auth : Authentication failed.
[2024-10-08 12:58:19] - [ERROR] => Restarting Mongo server
[2024-10-08 12:58:20] - [ERROR] => MongoDB connection error => bad auth : Authentication failed.
[2024-10-08 12:58:22] - [ERROR] => Restarting Mongo server
[2024-10-08 12:58:24] - [ERROR] => MongoDB connection error => bad auth : Authentication failed.
[2024-10-08 12:58:26] - [ERROR] => Restarting Mongo server
[2024-10-08 12:58:28] - [ERROR] => MongoDB connection error => bad auth : Authentication failed.
[2024-10-08 12:58:30] - [ERROR] => Restarting Mongo server
[2024-10-08 12:58:32] - [ERROR] => MongoDB connection error => bad auth : Authentication failed.
[2024-10-08 12:58:34] - [ERROR] => Restarting Mongo server
[2024-10-08 12:58:36] - [ERROR] => MongoDB connection error => bad auth : Authentication failed.
[2024-10-08 12:58:38] - [ERROR] => Restarting Mongo server
[2024-10-08 12:58:40] - [ERROR] => MongoDB connection error => bad auth : Authentication failed.
[2024-10-08 12:58:42] - [ERROR] => Restarting Mongo server
[2024-10-08 12:58:46] - [ERROR] => MongoDB connection error => bad auth : Authentication failed.
[2024-10-08 12:58:48] - [ERROR] => Restarting Mongo server
[2024-10-08 12:58:50] - [ERROR] => MongoDB connection error => bad auth : Authentication failed.
[2024-10-08 12:58:52] - [ERROR] => Restarting Mongo server
[2024-10-08 12:58:53] - [ERROR] => MongoDB connection error => bad auth : Authentication failed.
[2024-10-08 12:58:55] - [ERROR] => Restarting Mongo server
[2024-10-08 12:58:58] - [ERROR] => MongoDB connection error => bad auth : Authentication failed.
[2024-10-08 12:59:00] - [ERROR] => Restarting Mongo server
[2024-10-08 12:59:08] - [ERROR] => MongoDB connection error => bad auth : Authentication failed.
[2024-10-08 12:59:10] - [ERROR] => Restarting Mongo server
[2024-10-08 12:59:11] - [ERROR] => MongoDB connection error => bad auth : Authentication failed.
[2024-10-08 12:59:13] - [ERROR] => Restarting Mongo server
[2024-10-08 12:59:15] - [ERROR] => MongoDB connection error => bad auth : Authentication failed.
[2024-10-08 12:59:17] - [ERROR] => Restarting Mongo server
[2024-10-08 12:59:19] - [ERROR] => MongoDB connection error => bad auth : Authentication failed.
[2024-10-08 12:59:21] - [ERROR] => Restarting Mongo server
[2024-10-08 12:59:23] - [ERROR] => MongoDB connection error => bad auth : Authentication failed.
[2024-10-08 12:59:25] - [ERROR] => Restarting Mongo server
[2024-10-08 12:59:27] - [ERROR] => MongoDB connection error => bad auth : Authentication failed.
[2024-10-08 12:59:29] - [ERROR] => Restarting Mongo server
[2024-10-08 12:59:31] - [ERROR] => MongoDB connection error => bad auth : Authentication failed.
[2024-10-08 12:59:33] - [ERROR] => Restarting Mongo server
[2024-10-08 12:59:35] - [ERROR] => MongoDB connection error => bad auth : Authentication failed.
[2024-10-08 12:59:37] - [ERROR] => Restarting Mongo server
[2024-10-08 12:59:39] - [ERROR] => MongoDB connection error => bad auth : Authentication failed.
[2024-10-08 12:59:41] - [ERROR] => Restarting Mongo server
[2024-10-08 12:59:43] - [ERROR] => MongoDB connection error => bad auth : Authentication failed.
[2024-10-08 12:59:45] - [ERROR] => Restarting Mongo server
[2024-10-08 12:59:47] - [ERROR] => MongoDB connection error => bad auth : Authentication failed.
[2024-10-08 12:59:49] - [ERROR] => Restarting Mongo server
[2024-10-08 12:59:51] - [ERROR] => MongoDB connection error => bad auth : Authentication failed.
[2024-10-08 12:59:53] - [ERROR] => Restarting Mongo server
[2024-10-08 12:59:55] - [ERROR] => MongoDB connection error => bad auth : Authentication failed.
[2024-10-08 12:59:57] - [ERROR] => Restarting Mongo server
[2024-10-08 12:59:59] - [ERROR] => MongoDB connection error => bad auth : Authentication failed.
[2024-10-08 13:00:01] - [ERROR] => Restarting Mongo server
[2024-10-08 13:00:03] - [ERROR] => MongoDB connection error => bad auth : Authentication failed.
[2024-10-08 13:00:05] - [ERROR] => Restarting Mongo server
[2024-10-08 13:00:07] - [ERROR] => MongoDB connection error => bad auth : Authentication failed.
[2024-10-08 13:00:09] - [ERROR] => Restarting Mongo server
[2024-10-08 13:00:10] - [ERROR] => MongoDB connection error => bad auth : Authentication failed.
[2024-10-08 13:00:12] - [ERROR] => Restarting Mongo server
[2024-10-08 13:00:14] - [ERROR] => MongoDB connection error => bad auth : Authentication failed.
[2024-10-08 13:00:16] - [ERROR] => Restarting Mongo server
[2024-10-08 13:00:18] - [ERROR] => MongoDB connection error => bad auth : Authentication failed.
[2024-10-08 13:00:20] - [ERROR] => Restarting Mongo server
[2024-10-08 13:00:22] - [ERROR] => MongoDB connection error => bad auth : Authentication failed.
[2024-10-08 13:00:24] - [ERROR] => Restarting Mongo server
[2024-10-08 13:00:26] - [ERROR] => MongoDB connection error => bad auth : Authentication failed.
[2024-10-08 13:00:28] - [ERROR] => Restarting Mongo server
[2024-10-08 13:00:30] - [ERROR] => MongoDB connection error => bad auth : Authentication failed.
[2024-10-08 13:00:32] - [ERROR] => Restarting Mongo server
[2024-10-08 13:00:34] - [ERROR] => MongoDB connection error => bad auth : Authentication failed.
[2024-10-08 13:00:36] - [ERROR] => Restarting Mongo server
[2024-10-08 13:00:38] - [ERROR] => MongoDB connection error => bad auth : Authentication failed.
[2024-10-08 13:00:40] - [ERROR] => Restarting Mongo server
[2024-10-08 13:00:42] - [ERROR] => MongoDB connection error => bad auth : Authentication failed.
[2024-10-08 13:00:44] - [ERROR] => Restarting Mongo server
[2024-10-08 13:00:46] - [ERROR] => MongoDB connection error => bad auth : Authentication failed.
[2024-10-08 13:00:48] - [ERROR] => Restarting Mongo server
[2024-10-08 13:00:50] - [ERROR] => MongoDB connection error => bad auth : Authentication failed.
[2024-10-08 13:00:52] - [ERROR] => Restarting Mongo server
[2024-10-08 13:00:53] - [ERROR] => MongoDB connection error => bad auth : Authentication failed.
[2024-10-08 13:00:55] - [ERROR] => Restarting Mongo server
[2024-10-08 13:00:57] - [ERROR] => MongoDB connection error => bad auth : Authentication failed.
[2024-10-08 13:00:59] - [ERROR] => Restarting Mongo server
[2024-10-08 13:01:01] - [ERROR] => MongoDB connection error => bad auth : Authentication failed.
[2024-10-08 13:01:03] - [ERROR] => Restarting Mongo server
[2024-10-08 13:01:05] - [ERROR] => MongoDB connection error => bad auth : Authentication failed.
[2024-10-08 13:01:07] - [ERROR] => Restarting Mongo server
[2024-10-08 13:01:09] - [ERROR] => MongoDB connection error => bad auth : Authentication failed.
[2024-10-08 13:01:11] - [ERROR] => Restarting Mongo server
[2024-10-08 13:01:12] - [ERROR] => MongoDB connection error => bad auth : Authentication failed.
[2024-10-08 13:01:14] - [ERROR] => Restarting Mongo server
[2024-10-08 13:01:16] - [ERROR] => MongoDB connection error => bad auth : Authentication failed.
[2024-10-08 13:01:18] - [ERROR] => Restarting Mongo server
[2024-10-08 13:01:20] - [ERROR] => MongoDB connection error => bad auth : Authentication failed.
[2024-10-08 13:01:22] - [ERROR] => Restarting Mongo server
[2024-10-08 13:01:24] - [ERROR] => MongoDB connection error => bad auth : Authentication failed.
[2024-10-08 13:01:26] - [ERROR] => Restarting Mongo server
[2024-10-08 13:01:28] - [ERROR] => MongoDB connection error => bad auth : Authentication failed.
[2024-10-08 13:01:30] - [ERROR] => Restarting Mongo server
[2024-10-08 13:01:32] - [ERROR] => MongoDB connection error => bad auth : Authentication failed.
[2024-10-08 13:01:34] - [ERROR] => Restarting Mongo server
[2024-10-08 13:01:36] - [ERROR] => MongoDB connection error => bad auth : Authentication failed.
[2024-10-08 13:01:38] - [ERROR] => Restarting Mongo server
[2024-10-08 13:01:40] - [ERROR] => MongoDB connection error => bad auth : Authentication failed.
[2024-10-08 13:01:42] - [ERROR] => Restarting Mongo server
[2024-10-08 13:01:43] - [ERROR] => MongoDB connection error => bad auth : Authentication failed.
[2024-10-08 13:01:45] - [ERROR] => Restarting Mongo server
[2024-10-08 13:01:47] - [ERROR] => MongoDB connection error => bad auth : Authentication failed.
[2024-10-08 13:01:49] - [ERROR] => Restarting Mongo server
[2024-10-08 13:01:51] - [ERROR] => MongoDB connection error => bad auth : Authentication failed.
[2024-10-08 13:01:53] - [ERROR] => Restarting Mongo server
[2024-10-08 13:01:55] - [ERROR] => MongoDB connection error => bad auth : Authentication failed.
[2024-10-08 13:01:57] - [ERROR] => Restarting Mongo server
[2024-10-08 13:01:59] - [ERROR] => MongoDB connection error => bad auth : Authentication failed.
[2024-10-08 13:02:01] - [ERROR] => Restarting Mongo server
[2024-10-08 13:02:03] - [ERROR] => MongoDB connection error => bad auth : Authentication failed.
[2024-10-08 13:02:05] - [ERROR] => Restarting Mongo server
[2024-10-08 13:02:06] - [ERROR] => MongoDB connection error => bad auth : Authentication failed.
[2024-10-08 13:02:08] - [ERROR] => Restarting Mongo server
[2024-10-08 13:02:10] - [ERROR] => MongoDB connection error => bad auth : Authentication failed.
[2024-10-08 13:02:12] - [ERROR] => Restarting Mongo server
[2024-10-08 13:02:14] - [ERROR] => MongoDB connection error => bad auth : Authentication failed.
[2024-10-08 13:02:16] - [ERROR] => Restarting Mongo server
[2024-10-08 13:02:18] - [ERROR] => MongoDB connection error => bad auth : Authentication failed.
[2024-10-08 13:02:20] - [ERROR] => Restarting Mongo server
[2024-10-08 13:02:22] - [ERROR] => MongoDB connection error => bad auth : Authentication failed.
[2024-10-08 13:02:24] - [ERROR] => Restarting Mongo server
[2024-10-08 13:02:25] - [ERROR] => MongoDB connection error => bad auth : Authentication failed.
[2024-10-08 13:02:27] - [ERROR] => Restarting Mongo server
[2024-10-08 13:02:29] - [ERROR] => MongoDB connection error => bad auth : Authentication failed.
[2024-10-08 13:02:31] - [ERROR] => Restarting Mongo server
[2024-10-08 13:02:33] - [ERROR] => MongoDB connection error => bad auth : Authentication failed.
[2024-10-08 13:02:35] - [ERROR] => Restarting Mongo server
[2024-10-08 13:02:37] - [ERROR] => MongoDB connection error => bad auth : Authentication failed.
[2024-10-08 13:02:39] - [ERROR] => Restarting Mongo server
[2024-10-08 13:02:41] - [ERROR] => MongoDB connection error => bad auth : Authentication failed.
[2024-10-08 13:02:43] - [ERROR] => Restarting Mongo server
[2024-10-08 13:02:45] - [ERROR] => MongoDB connection error => bad auth : Authentication failed.
[2024-10-08 13:02:47] - [ERROR] => Restarting Mongo server
[2024-10-08 13:02:49] - [ERROR] => MongoDB connection error => bad auth : Authentication failed.
[2024-10-08 13:02:51] - [ERROR] => Restarting Mongo server
[2024-10-08 13:02:53] - [ERROR] => MongoDB connection error => bad auth : Authentication failed.
[2024-10-08 13:02:55] - [ERROR] => Restarting Mongo server
[2024-10-08 13:02:57] - [ERROR] => MongoDB connection error => bad auth : Authentication failed.
[2024-10-08 13:02:59] - [ERROR] => Restarting Mongo server
[2024-10-08 13:03:00] - [ERROR] => MongoDB connection error => bad auth : Authentication failed.
[2024-10-08 13:03:02] - [ERROR] => Restarting Mongo server
[2024-10-08 13:03:04] - [ERROR] => MongoDB connection error => bad auth : Authentication failed.
[2024-10-08 13:03:06] - [ERROR] => Restarting Mongo server
[2024-10-08 13:03:08] - [ERROR] => MongoDB connection error => bad auth : Authentication failed.
[2024-10-08 13:03:10] - [ERROR] => Restarting Mongo server
[2024-10-08 13:03:12] - [ERROR] => MongoDB connection error => bad auth : Authentication failed.
[2024-10-08 13:03:14] - [ERROR] => Restarting Mongo server
[2024-10-08 13:03:16] - [ERROR] => MongoDB connection error => bad auth : Authentication failed.
[2024-10-08 13:03:18] - [ERROR] => Restarting Mongo server
[2024-10-08 13:03:19] - [ERROR] => MongoDB connection error => bad auth : Authentication failed.
